Using pre-set license
Built from '2020.2/release' branch; Version is '2020.2.2f1 (068178b99f32) revision 426360'; Using compiler version '192528614'; Build Type 'Release'
OS: 'Windows 10 Pro; OS build 19041.746; Version 2004; 64bit' Language: 'en' Physical Memory: 16314 MB
BatchMode: 1, IsHumanControllingUs: 0, StartBugReporterOnCrash: 0, Is64bit: 1, IsPro: 0

 COMMAND LINE ARGUMENTS:
C:\Program Files\Unity\Hub\Editor\2020.2.2f1\Editor\Unity.exe
-adb2
-batchMode
-noUpm
-name
AssetImportWorker0
-projectPath
F:/Cours/ID3D/GAMIF/flubby
-logFile
Logs/AssetImportWorker0.log
-srvPort
49930
Successfully changed project path to: F:/Cours/ID3D/GAMIF/flubby
F:/Cours/ID3D/GAMIF/flubby
Using Asset Import Pipeline V2.
Refreshing native plugins compatible for Editor in 38.98 ms, found 1 plugins.
Preloading 0 native plugins for Editor in 0.00 ms.
Initialize engine version: 2020.2.2f1 (068178b99f32)
[Subsystems] Discovering subsystems at path C:/Program Files/Unity/Hub/Editor/2020.2.2f1/Editor/Data/Resources/UnitySubsystems
[Subsystems] Discovering subsystems at path F:/Cours/ID3D/GAMIF/flubby/Assets
GfxDevice: creating device client; threaded=0
Direct3D:
    Version:  Direct3D 11.0 [level 11.1]
    Renderer: NVIDIA GeForce GTX 1060 3GB (ID=0x1c02)
    Vendor:   
    VRAM:     2988 MB
    Driver:   27.21.14.5671
Initialize mono
Mono path[0] = 'C:/Program Files/Unity/Hub/Editor/2020.2.2f1/Editor/Data/Managed'
Mono path[1] = 'C:/Program Files/Unity/Hub/Editor/2020.2.2f1/Editor/Data/MonoBleedingEdge/lib/mono/unityjit'
Mono config path = 'C:/Program Files/Unity/Hub/Editor/2020.2.2f1/Editor/Data/MonoBleedingEdge/etc'
Using monoOptions --debugger-agent=transport=dt_socket,embedding=1,server=y,suspend=n,address=127.0.0.1:56332
Begin MonoManager ReloadAssembly
Registering precompiled unity dll's ...
Register platform support module: C:/Program Files/Unity/Hub/Editor/2020.2.2f1/Editor/Data/PlaybackEngines/WindowsStandaloneSupport/UnityEditor.WindowsStandalone.Extensions.dll
Registered in 0.003329 seconds.
Native extension for WindowsStandalone target not found
Refreshing native plugins compatible for Editor in 36.20 ms, found 1 plugins.
Preloading 0 native plugins for Editor in 0.00 ms.
Invoked RoslynAnalysisRunner static constructor.
RoslynAnalysisRunner will not be running.
RoslynAnalysisRunner has terminated.
Mono: successfully reloaded assembly
- Completed reload, in  1.414 seconds
Platform modules already initialized, skipping
Registering precompiled user dll's ...
Registered in 0.000981 seconds.
Begin MonoManager ReloadAssembly
Native extension for WindowsStandalone target not found
Refreshing native plugins compatible for Editor in 40.41 ms, found 1 plugins.
Preloading 0 native plugins for Editor in 0.00 ms.
Invoked RoslynAnalysisRunner static constructor.
RoslynAnalysisRunner will not be running.
RoslynAnalysisRunner has terminated.
Mono: successfully reloaded assembly
- Completed reload, in  0.973 seconds
Platform modules already initialized, skipping
========================================================================
Worker process is ready to serve import requests
Launched and connected shader compiler UnityShaderCompiler.exe after 0.08 seconds
Refreshing native plugins compatible for Editor in 0.39 ms, found 1 plugins.
Preloading 0 native plugins for Editor in 0.00 ms.
Unloading 1775 Unused Serialized files (Serialized files now loaded: 0)
System memory in use before: 83.8 MB.
System memory in use after: 83.9 MB.

Unloading 19 unused Assets to reduce memory usage. Loaded Objects now: 2222.
Total: 2.103400 ms (FindLiveObjects: 0.219600 ms CreateObjectMapping: 0.093900 ms MarkObjects: 1.682200 ms  DeleteObjects: 0.106400 ms)

========================================================================
Received Import Request.
  path: Assets/Prefab/blobParticle.prefab
  artifactKey: Guid(275341cef398c344b9a15a1a73146ff3) Importer(815301076,1909f56bfc062723c751e8b465ee728b)
Start importing Assets/Prefab/blobParticle.prefab using Guid(275341cef398c344b9a15a1a73146ff3) Importer(815301076,1909f56bfc062723c751e8b465ee728b)  -> (artifact id: '5842e8bd70d42c9e45287b93b3f927e4') in 0.150684 seconds
  Import took 0.154546 seconds .

========================================================================
Received Import Request.
  Time since last request: 20.976023 seconds.
  path: Assets/Scenes/controllers
  artifactKey: Guid(0987af9b60e240745be8b2d6b37d8ce5) Importer(815301076,1909f56bfc062723c751e8b465ee728b)
Start importing Assets/Scenes/controllers using Guid(0987af9b60e240745be8b2d6b37d8ce5) Importer(815301076,1909f56bfc062723c751e8b465ee728b)  -> (artifact id: '39cc7ecd52fcd0a0510803c125a88ee0') in 0.003309 seconds
  Import took 0.007636 seconds .

========================================================================
Received Import Request.
  Time since last request: 1.022930 seconds.
  path: Assets/Scenes/controllers/BlobController.cs
  artifactKey: Guid(c2c06edb1d70d5747b31467c63828ab0) Importer(815301076,1909f56bfc062723c751e8b465ee728b)
Start importing Assets/Scenes/controllers/BlobController.cs using Guid(c2c06edb1d70d5747b31467c63828ab0) Importer(815301076,1909f56bfc062723c751e8b465ee728b)  -> (artifact id: '65e30284096483bef2754403a943ee99') in 0.019393 seconds
  Import took 0.023815 seconds .

========================================================================
Received Import Request.
  Time since last request: 11.344794 seconds.
  path: Assets/Scenes/model
  artifactKey: Guid(bb32c3d6f7a880c41b20e418c84f9003) Importer(815301076,1909f56bfc062723c751e8b465ee728b)
Start importing Assets/Scenes/model using Guid(bb32c3d6f7a880c41b20e418c84f9003) Importer(815301076,1909f56bfc062723c751e8b465ee728b)  -> (artifact id: 'c88ab720438c09e7374355a22c2015fb') in 0.002895 seconds
  Import took 0.006911 seconds .

========================================================================
Received Import Request.
  Time since last request: 13.881393 seconds.
  path: Assets/Scenes/views
  artifactKey: Guid(784c6d4ccfddb0b479d392fa7fbd85d5) Importer(815301076,1909f56bfc062723c751e8b465ee728b)
Start importing Assets/Scenes/views using Guid(784c6d4ccfddb0b479d392fa7fbd85d5) Importer(815301076,1909f56bfc062723c751e8b465ee728b)  -> (artifact id: '9c1ccfccf958afdd0fd77d3b5678b2eb') in 0.003007 seconds
  Import took 0.007492 seconds .

========================================================================
Received Import Request.
  Time since last request: 1.035001 seconds.
  path: Assets/Scenes/views/BlobView.cs
  artifactKey: Guid(07820bc589e33574b9de0e005d4f3b55) Importer(815301076,1909f56bfc062723c751e8b465ee728b)
Start importing Assets/Scenes/views/BlobView.cs using Guid(07820bc589e33574b9de0e005d4f3b55) Importer(815301076,1909f56bfc062723c751e8b465ee728b)  -> (artifact id: '817b8a9fb6a4437db2d5dea8c6784861') in 0.002122 seconds
  Import took 0.005975 seconds .

========================================================================
Received Import Request.
  Time since last request: 0.001802 seconds.
  path: Assets/Scenes/views/BlobView.cs
  artifactKey: Guid(07820bc589e33574b9de0e005d4f3b55) Importer(815301076,1909f56bfc062723c751e8b465ee728b)
Start importing Assets/Scenes/views/BlobView.cs using Guid(07820bc589e33574b9de0e005d4f3b55) Importer(815301076,1909f56bfc062723c751e8b465ee728b)  -> (artifact id: '817b8a9fb6a4437db2d5dea8c6784861') in 0.002817 seconds
  Import took 0.006399 seconds .

========================================================================
Received Import Request.
  Time since last request: 43.667269 seconds.
  path: Assets/Scenes/MonoBehaviour/CameraMouvement.cs
  artifactKey: Guid(52d3f950c1496e74e815207976c32495) Importer(815301076,1909f56bfc062723c751e8b465ee728b)
Start importing Assets/Scenes/MonoBehaviour/CameraMouvement.cs using Guid(52d3f950c1496e74e815207976c32495) Importer(815301076,1909f56bfc062723c751e8b465ee728b)  -> (artifact id: '6dc408ca26aad1edf3d833cf2fa9ec3f') in 0.001899 seconds
  Import took 0.005191 seconds .

========================================================================
Received Import Request.
  Time since last request: 0.002654 seconds.
  path: Assets/Scenes/MonoBehaviour/CameraMouvement.cs
  artifactKey: Guid(52d3f950c1496e74e815207976c32495) Importer(815301076,1909f56bfc062723c751e8b465ee728b)
Start importing Assets/Scenes/MonoBehaviour/CameraMouvement.cs using Guid(52d3f950c1496e74e815207976c32495) Importer(815301076,1909f56bfc062723c751e8b465ee728b)  -> (artifact id: '6dc408ca26aad1edf3d833cf2fa9ec3f') in 0.003095 seconds
  Import took 0.007067 seconds .

========================================================================
Received Prepare
Registering precompiled user dll's ...
Registered in 0.001017 seconds.
Begin MonoManager ReloadAssembly
Native extension for WindowsStandalone target not found
Refreshing native plugins compatible for Editor in 0.38 ms, found 1 plugins.
Preloading 0 native plugins for Editor in 0.00 ms.
Invoked RoslynAnalysisRunner static constructor.
RoslynAnalysisRunner will not be running.
RoslynAnalysisRunner has terminated.
Mono: successfully reloaded assembly
- Completed reload, in  0.857 seconds
Platform modules already initialized, skipping
Refreshing native plugins compatible for Editor in 0.37 ms, found 1 plugins.
Preloading 0 native plugins for Editor in 0.00 ms.
Unloading 1765 Unused Serialized files (Serialized files now loaded: 0)
System memory in use before: 86.6 MB.
System memory in use after: 86.8 MB.

Unloading 7 unused Assets to reduce memory usage. Loaded Objects now: 2232.
Total: 1.960900 ms (FindLiveObjects: 0.215900 ms CreateObjectMapping: 0.069300 ms MarkObjects: 1.645100 ms  DeleteObjects: 0.029200 ms)

========================================================================
Received Prepare
Registering precompiled user dll's ...
Registered in 0.000967 seconds.
Begin MonoManager ReloadAssembly
Native extension for WindowsStandalone target not found
Refreshing native plugins compatible for Editor in 0.62 ms, found 1 plugins.
Preloading 0 native plugins for Editor in 0.00 ms.
Invoked RoslynAnalysisRunner static constructor.
RoslynAnalysisRunner will not be running.
RoslynAnalysisRunner has terminated.
Mono: successfully reloaded assembly
- Completed reload, in  0.913 seconds
Platform modules already initialized, skipping
Refreshing native plugins compatible for Editor in 0.36 ms, found 1 plugins.
Preloading 0 native plugins for Editor in 0.00 ms.
Unloading 1765 Unused Serialized files (Serialized files now loaded: 0)
System memory in use before: 86.8 MB.
System memory in use after: 86.9 MB.

Unloading 7 unused Assets to reduce memory usage. Loaded Objects now: 2235.
Total: 2.097400 ms (FindLiveObjects: 0.264800 ms CreateObjectMapping: 0.095500 ms MarkObjects: 1.690800 ms  DeleteObjects: 0.045100 ms)

========================================================================
Received Prepare
Registering precompiled user dll's ...
Registered in 0.001002 seconds.
Begin MonoManager ReloadAssembly
Native extension for WindowsStandalone target not found
Refreshing native plugins compatible for Editor in 0.48 ms, found 1 plugins.
Preloading 0 native plugins for Editor in 0.00 ms.
Invoked RoslynAnalysisRunner static constructor.
RoslynAnalysisRunner will not be running.
RoslynAnalysisRunner has terminated.
Mono: successfully reloaded assembly
- Completed reload, in  0.885 seconds
Platform modules already initialized, skipping
Refreshing native plugins compatible for Editor in 0.43 ms, found 1 plugins.
Preloading 0 native plugins for Editor in 0.00 ms.
Unloading 1765 Unused Serialized files (Serialized files now loaded: 0)
System memory in use before: 86.9 MB.
System memory in use after: 87.1 MB.

Unloading 7 unused Assets to reduce memory usage. Loaded Objects now: 2238.
Total: 2.154500 ms (FindLiveObjects: 0.237800 ms CreateObjectMapping: 0.074600 ms MarkObjects: 1.823200 ms  DeleteObjects: 0.017700 ms)

========================================================================
Received Import Request.
  Time since last request: 138.696521 seconds.
  path: Assets/Scenes/BlobParticlePhysics.physicsMaterial2D
  artifactKey: Guid(c455e1e2020b86748bb5736646cfd285) Importer(815301076,1909f56bfc062723c751e8b465ee728b)
Start importing Assets/Scenes/BlobParticlePhysics.physicsMaterial2D using Guid(c455e1e2020b86748bb5736646cfd285) Importer(815301076,1909f56bfc062723c751e8b465ee728b)  -> (artifact id: 'c2877627c54bf27f6c4c2466fa4d56be') in 0.013565 seconds
  Import took 0.016414 seconds .

========================================================================
Received Prepare
Registering precompiled user dll's ...
Registered in 0.000961 seconds.
Begin MonoManager ReloadAssembly
Native extension for WindowsStandalone target not found
Refreshing native plugins compatible for Editor in 0.40 ms, found 1 plugins.
Preloading 0 native plugins for Editor in 0.00 ms.
Invoked RoslynAnalysisRunner static constructor.
RoslynAnalysisRunner will not be running.
RoslynAnalysisRunner has terminated.
Mono: successfully reloaded assembly
- Completed reload, in  0.847 seconds
Platform modules already initialized, skipping
Refreshing native plugins compatible for Editor in 0.39 ms, found 1 plugins.
Preloading 0 native plugins for Editor in 0.00 ms.
Unloading 1765 Unused Serialized files (Serialized files now loaded: 0)
System memory in use before: 87.1 MB.
System memory in use after: 87.2 MB.

Unloading 7 unused Assets to reduce memory usage. Loaded Objects now: 2241.
Total: 2.444700 ms (FindLiveObjects: 0.217500 ms CreateObjectMapping: 0.078200 ms MarkObjects: 2.098600 ms  DeleteObjects: 0.049000 ms)

========================================================================
Received Prepare
Registering precompiled user dll's ...
Registered in 0.001327 seconds.
Begin MonoManager ReloadAssembly
Native extension for WindowsStandalone target not found
Refreshing native plugins compatible for Editor in 0.37 ms, found 1 plugins.
Preloading 0 native plugins for Editor in 0.00 ms.
Invoked RoslynAnalysisRunner static constructor.
RoslynAnalysisRunner will not be running.
RoslynAnalysisRunner has terminated.
Mono: successfully reloaded assembly
- Completed reload, in  0.845 seconds
Platform modules already initialized, skipping
Refreshing native plugins compatible for Editor in 0.35 ms, found 1 plugins.
Preloading 0 native plugins for Editor in 0.00 ms.
Unloading 1765 Unused Serialized files (Serialized files now loaded: 0)
System memory in use before: 87.2 MB.
System memory in use after: 87.3 MB.

Unloading 7 unused Assets to reduce memory usage. Loaded Objects now: 2244.
Total: 2.223800 ms (FindLiveObjects: 0.204600 ms CreateObjectMapping: 0.064000 ms MarkObjects: 1.892900 ms  DeleteObjects: 0.060900 ms)

========================================================================
Received Prepare
Registering precompiled user dll's ...
Registered in 0.001030 seconds.
Begin MonoManager ReloadAssembly
Native extension for WindowsStandalone target not found
Refreshing native plugins compatible for Editor in 0.44 ms, found 1 plugins.
Preloading 0 native plugins for Editor in 0.00 ms.
Invoked RoslynAnalysisRunner static constructor.
RoslynAnalysisRunner will not be running.
RoslynAnalysisRunner has terminated.
Mono: successfully reloaded assembly
- Completed reload, in  0.862 seconds
Platform modules already initialized, skipping
Refreshing native plugins compatible for Editor in 0.37 ms, found 1 plugins.
Preloading 0 native plugins for Editor in 0.00 ms.
Unloading 1765 Unused Serialized files (Serialized files now loaded: 0)
System memory in use before: 87.3 MB.
System memory in use after: 87.5 MB.

Unloading 7 unused Assets to reduce memory usage. Loaded Objects now: 2247.
Total: 2.076600 ms (FindLiveObjects: 0.209500 ms CreateObjectMapping: 0.066600 ms MarkObjects: 1.782000 ms  DeleteObjects: 0.017400 ms)

========================================================================
Received Prepare
Registering precompiled user dll's ...
Registered in 0.001016 seconds.
Begin MonoManager ReloadAssembly
Native extension for WindowsStandalone target not found
Refreshing native plugins compatible for Editor in 0.44 ms, found 1 plugins.
Preloading 0 native plugins for Editor in 0.00 ms.
Invoked RoslynAnalysisRunner static constructor.
RoslynAnalysisRunner will not be running.
RoslynAnalysisRunner has terminated.
Mono: successfully reloaded assembly
- Completed reload, in  0.882 seconds
Platform modules already initialized, skipping
Refreshing native plugins compatible for Editor in 0.45 ms, found 1 plugins.
Preloading 0 native plugins for Editor in 0.00 ms.
Unloading 1765 Unused Serialized files (Serialized files now loaded: 0)
System memory in use before: 87.5 MB.
System memory in use after: 87.6 MB.

Unloading 7 unused Assets to reduce memory usage. Loaded Objects now: 2250.
Total: 2.483900 ms (FindLiveObjects: 0.326200 ms CreateObjectMapping: 0.080200 ms MarkObjects: 2.010800 ms  DeleteObjects: 0.050700 ms)

AssetImportWorkerClient::OnTransportError - code=2 error=End of file
